<?xml version="1.0" encoding="UTF-8"?>
<testsuite xmlns:xsi="http://www.w3.org/2001/XMLSchema-instance" xsi:noNamespaceSchemaLocation="https://maven.apache.org/surefire/maven-surefire-plugin/xsd/surefire-test-report.xsd" name="com.tf.AreaTest" time="0.269" tests="7" errors="0" skipped="0" failures="1">
  <properties>
    <property name="sun.desktop" value="windows"/>
    <property name="awt.toolkit" value="sun.awt.windows.WToolkit"/>
    <property name="java.specification.version" value="11"/>
    <property name="sun.cpu.isalist" value="amd64"/>
    <property name="sun.jnu.encoding" value="Cp1252"/>
    <property name="java.class.path" value="C:\Users\jayja\Desktop\Faculdade\PUCRS\20192\Tecnicas de Programacao\TF\Garoopa\target\test-classes;C:\Users\jayja\Desktop\Faculdade\PUCRS\20192\Tecnicas de Programacao\TF\Garoopa\target\classes;C:\Users\jayja\.m2\repository\org\junit\jupiter\junit-jupiter-engine\5.3.1\junit-jupiter-engine-5.3.1.jar;C:\Users\jayja\.m2\repository\org\apiguardian\apiguardian-api\1.0.0\apiguardian-api-1.0.0.jar;C:\Users\jayja\.m2\repository\org\junit\platform\junit-platform-engine\1.3.1\junit-platform-engine-1.3.1.jar;C:\Users\jayja\.m2\repository\org\junit\platform\junit-platform-commons\1.3.1\junit-platform-commons-1.3.1.jar;C:\Users\jayja\.m2\repository\org\opentest4j\opentest4j\1.1.1\opentest4j-1.1.1.jar;C:\Users\jayja\.m2\repository\org\junit\jupiter\junit-jupiter-api\5.3.1\junit-jupiter-api-5.3.1.jar;C:\Users\jayja\.m2\repository\org\junit\jupiter\junit-jupiter-params\5.1.0\junit-jupiter-params-5.1.0.jar;C:\Users\jayja\.m2\repository\org\mockito\mockito-all\1.9.5\mockito-all-1.9.5.jar;"/>
    <property name="java.vm.vendor" value="Oracle Corporation"/>
    <property name="sun.arch.data.model" value="64"/>
    <property name="user.variant" value=""/>
    <property name="java.vendor.url" value="http://java.oracle.com/"/>
    <property name="user.timezone" value="America/Sao_Paulo"/>
    <property name="java.vm.specification.version" value="11"/>
    <property name="os.name" value="Windows 10"/>
    <property name="sun.java.launcher" value="SUN_STANDARD"/>
    <property name="user.country" value="US"/>
    <property name="sun.boot.library.path" value="C:\Users\jayja\Downloads\jdk\jdk-11.0.1_windows-x64_bin\jdk-11.0.1\bin"/>
    <property name="sun.java.command" value="C:\Users\jayja\AppData\Local\Temp\surefire81542509318663233\surefirebooter7019026132345993285.jar C:\Users\jayja\AppData\Local\Temp\surefire81542509318663233 2019-11-05T11-16-45_063-jvmRun1 surefire7704594376603503605tmp surefire_016952189317948027052tmp"/>
    <property name="jdk.debug" value="release"/>
    <property name="surefire.test.class.path" value="C:\Users\jayja\Desktop\Faculdade\PUCRS\20192\Tecnicas de Programacao\TF\Garoopa\target\test-classes;C:\Users\jayja\Desktop\Faculdade\PUCRS\20192\Tecnicas de Programacao\TF\Garoopa\target\classes;C:\Users\jayja\.m2\repository\org\junit\jupiter\junit-jupiter-engine\5.3.1\junit-jupiter-engine-5.3.1.jar;C:\Users\jayja\.m2\repository\org\apiguardian\apiguardian-api\1.0.0\apiguardian-api-1.0.0.jar;C:\Users\jayja\.m2\repository\org\junit\platform\junit-platform-engine\1.3.1\junit-platform-engine-1.3.1.jar;C:\Users\jayja\.m2\repository\org\junit\platform\junit-platform-commons\1.3.1\junit-platform-commons-1.3.1.jar;C:\Users\jayja\.m2\repository\org\opentest4j\opentest4j\1.1.1\opentest4j-1.1.1.jar;C:\Users\jayja\.m2\repository\org\junit\jupiter\junit-jupiter-api\5.3.1\junit-jupiter-api-5.3.1.jar;C:\Users\jayja\.m2\repository\org\junit\jupiter\junit-jupiter-params\5.1.0\junit-jupiter-params-5.1.0.jar;C:\Users\jayja\.m2\repository\org\mockito\mockito-all\1.9.5\mockito-all-1.9.5.jar;"/>
    <property name="sun.cpu.endian" value="little"/>
    <property name="user.home" value="C:\Users\jayja"/>
    <property name="user.language" value="en"/>
    <property name="java.specification.vendor" value="Oracle Corporation"/>
    <property name="java.version.date" value="2018-10-16"/>
    <property name="java.home" value="C:\Users\jayja\Downloads\jdk\jdk-11.0.1_windows-x64_bin\jdk-11.0.1"/>
    <property name="file.separator" value="\"/>
    <property name="basedir" value="C:\Users\jayja\Desktop\Faculdade\PUCRS\20192\Tecnicas de Programacao\TF\Garoopa"/>
    <property name="java.vm.compressedOopsMode" value="32-bit"/>
    <property name="line.separator" value="&#10;"/>
    <property name="java.specification.name" value="Java Platform API Specification"/>
    <property name="java.vm.specification.vendor" value="Oracle Corporation"/>
    <property name="java.awt.graphicsenv" value="sun.awt.Win32GraphicsEnvironment"/>
    <property name="surefire.real.class.path" value="C:\Users\jayja\AppData\Local\Temp\surefire81542509318663233\surefirebooter7019026132345993285.jar"/>
    <property name="user.script" value=""/>
    <property name="sun.management.compiler" value="HotSpot 64-Bit Tiered Compilers"/>
    <property name="java.runtime.version" value="11.0.1+13-LTS"/>
    <property name="user.name" value="jayja"/>
    <property name="path.separator" value=";"/>
    <property name="os.version" value="10.0"/>
    <property name="java.runtime.name" value="Java(TM) SE Runtime Environment"/>
    <property name="file.encoding" value="Cp1252"/>
    <property name="java.vm.name" value="Java HotSpot(TM) 64-Bit Server VM"/>
    <property name="java.vendor.version" value="18.9"/>
    <property name="localRepository" value="C:\Users\jayja\.m2\repository"/>
    <property name="java.vendor.url.bug" value="http://bugreport.java.com/bugreport/"/>
    <property name="java.io.tmpdir" value="C:\Users\jayja\AppData\Local\Temp\"/>
    <property name="java.version" value="11.0.1"/>
    <property name="user.dir" value="C:\Users\jayja\Desktop\Faculdade\PUCRS\20192\Tecnicas de Programacao\TF\Garoopa"/>
    <property name="os.arch" value="amd64"/>
    <property name="java.vm.specification.name" value="Java Virtual Machine Specification"/>
    <property name="java.awt.printerjob" value="sun.awt.windows.WPrinterJob"/>
    <property name="sun.os.patch.level" value=""/>
    <property name="java.library.path" value="C:\Users\jayja\Downloads\jdk\jdk-11.0.1_windows-x64_bin\jdk-11.0.1\bin;C:\WINDOWS\Sun\Java\bin;C:\WINDOWS\system32;C:\WINDOWS;C:\Program Files (x86)\Common Files\Oracle\Java\javapath;C:\Program Files (x86)\Razer\ChromaBroadcast\bin;C:\Program Files\Razer\ChromaBroadcast\bin;C:\Program Files (x86)\Haskell\bin;C:\Program Files (x86)\Haskell Platform\8.6.3\lib\extralibs\bin;C:\Program Files (x86)\Haskell Platform\8.6.3\bin;C:\Program Files (x86)\Intel\Intel(R) Management Engine Components\iCLS\;C:\Program Files\Intel\Intel(R) Management Engine Components\iCLS\;C:\Windows\system32;C:\Windows;C:\Windows\System32\Wbem;C:\Windows\System32\WindowsPowerShell\v1.0\;C:\Program Files (x86)\Intel\Intel(R) Management Engine Components\DAL;C:\Program Files\Intel\Intel(R) Management Engine Components\DAL;C:\Program Files (x86)\Intel\Intel(R) Management Engine Components\IPT;C:\Program Files\Intel\Intel(R) Management Engine Components\IPT;C:\Program Files (x86)\NVIDIA Corporation\PhysX\Common;C:\Program Files\NVIDIA Corporation\NVIDIA NvDLISR;C:\Program Files\Intel\WiFi\bin\;C:\Program Files\Common Files\Intel\WirelessCommon\;C:\Program Files (x86)\Haskell Platform\8.6.3\mingw\bin;C:\WINDOWS\system32;C:\WINDOWS;C:\WINDOWS\System32\Wbem;C:\WINDOWS\System32\WindowsPowerShell\v1.0\;C:\WINDOWS\System32\OpenSSH\;C:\WINDOWS\system32\config\systemprofile\AppData\Local\Microsoft\WindowsApps;C:\WINDOWS\system32;C:\WINDOWS;C:\WINDOWS\System32\Wbem;C:\WINDOWS\System32\WindowsPowerShell\v1.0\;C:\WINDOWS\System32\OpenSSH\;C:\Program Files\Git\cmd;C:\Maven\bin;C:\Maven\bin;C:\Users\jayja\Downloads\jdk\jdk-11.0.1_windows-x64_bin\jdk-11.0.1\bin;C:\Users\jayja\AppData\Local\Programs\Python\Launcher\;C:\Users\jayja\AppData\Roaming\cabal\bin;C:\Users\jayja\AppData\Roaming\local\bin;C:\Users\jayja\AppData\Local\Microsoft\WindowsApps;;C:\Users\jayja\AppData\Local\Programs\Microsoft VS Code\bin;."/>
    <property name="java.vendor" value="Oracle Corporation"/>
    <property name="java.vm.info" value="mixed mode"/>
    <property name="java.vm.version" value="11.0.1+13-LTS"/>
    <property name="sun.io.unicode.encoding" value="UnicodeLittle"/>
    <property name="java.class.version" value="55.0"/>
  </properties>
  <testcase name="codRetaTest{int, int, int, int, SituacaoReta}[1]" classname="com.tf.AreaTest" time="0.079">
    <failure message="expected: &lt;TODA_DENTRO&gt; but was: &lt;TODA_FORA&gt;" type="org.opentest4j.AssertionFailedError"><![CDATA[org.opentest4j.AssertionFailedError: expected: <TODA_DENTRO> but was: <TODA_FORA>
	at com.tf.AreaTest.codRetaTest(AreaTest.java:46)
]]></failure>
  </testcase>
  <testcase name="codRetaTest{int, int, int, int, SituacaoReta}[2]" classname="com.tf.AreaTest" time="0.002"/>
  <testcase name="codRetaTest{int, int, int, int, SituacaoReta}[3]" classname="com.tf.AreaTest" time="0.001"/>
  <testcase name="codRetaTest{int, int, int, int, SituacaoReta}[4]" classname="com.tf.AreaTest" time="0.001"/>
  <testcase name="codRetaTest{int, int, int, int, SituacaoReta}[5]" classname="com.tf.AreaTest" time="0.001"/>
  <testcase name="codRetaTest{int, int, int, int, SituacaoReta}[6]" classname="com.tf.AreaTest" time="0.002"/>
  <testcase name="codRetaTest{int, int, int, int, SituacaoReta}[7]" classname="com.tf.AreaTest" time="0.001"/>
</testsuite>